\BOOKMARK [0][]{declaration.0}{Selbst\344ndigkeitserkl\344rung}{}% 1
\BOOKMARK [0][]{Zusammenfassung.0}{Zusammenfassung}{}% 2
\BOOKMARK [0][]{toc.0}{Inhaltsverzeichnis}{}% 3
\BOOKMARK [0][]{chapter.1}{1 Einleitung}{}% 4
\BOOKMARK [1][-]{section.1.1}{1.1 Motivation}{chapter.1}% 5
\BOOKMARK [1][-]{section.1.2}{1.2 Aufgabenstellung}{chapter.1}% 6
\BOOKMARK [1][-]{section.1.3}{1.3 Aufbau der Thesis}{chapter.1}% 7
\BOOKMARK [0][]{chapter.2}{2 Grundlagen}{}% 8
\BOOKMARK [1][-]{section.2.1}{2.1 Begrifflichkeiten und Definitionen}{chapter.2}% 9
\BOOKMARK [1][-]{section.2.2}{2.2 Selbstorganisation}{chapter.2}% 10
\BOOKMARK [1][-]{section.2.3}{2.3 Schwarmverhalten}{chapter.2}% 11
\BOOKMARK [2][-]{subsection.2.3.1}{2.3.1 Bewegung innerhalb des Schwarms}{section.2.3}% 12
\BOOKMARK [2][-]{subsection.2.3.2}{2.3.2 Abgrenzung: Abgesprochene Bewegung}{section.2.3}% 13
\BOOKMARK [2][-]{subsection.2.3.3}{2.3.3 Steuern eines Schwarms}{section.2.3}% 14
\BOOKMARK [1][-]{section.2.4}{2.4 Phase Transitions}{chapter.2}% 15
\BOOKMARK [1][-]{section.2.5}{2.5 ROS}{chapter.2}% 16
\BOOKMARK [0][]{chapter.3}{3 Analyse}{}% 17
\BOOKMARK [1][-]{section.3.1}{3.1 Problembeschreibung}{chapter.3}% 18
\BOOKMARK [1][-]{section.3.2}{3.2 Anforderungen an das System}{chapter.3}% 19
\BOOKMARK [0][]{chapter.4}{4 Konzeption}{}% 20
\BOOKMARK [1][-]{section.4.1}{4.1 Generelles zur Konzeption}{chapter.4}% 21
\BOOKMARK [1][-]{section.4.2}{4.2 Nachbau des Schwarms nach Craig Reynolds}{chapter.4}% 22
\BOOKMARK [1][-]{section.4.3}{4.3 Anf\374hrer}{chapter.4}% 23
\BOOKMARK [1][-]{section.4.4}{4.4 Transport von Waren mit Hilfe eines Schwarms}{chapter.4}% 24
\BOOKMARK [0][]{chapter.5}{5 Implementierung}{}% 25
\BOOKMARK [1][-]{section.5.1}{5.1 Generelles zur Implementierung}{chapter.5}% 26
\BOOKMARK [1][-]{section.5.2}{5.2 Nachbau des Schwarms nach Craig Reynolds}{chapter.5}% 27
\BOOKMARK [1][-]{section.5.3}{5.3 Anf\374hrer}{chapter.5}% 28
\BOOKMARK [1][-]{section.5.4}{5.4 Transport von Waren mit Hilfe eines Schwarms}{chapter.5}% 29
\BOOKMARK [0][]{chapter.6}{6 Evaluation}{}% 30
\BOOKMARK [1][-]{section.6.1}{6.1 Generelles zur Evaluation}{chapter.6}% 31
\BOOKMARK [1][-]{section.6.2}{6.2 Nachbau des Schwarms nach Craig Reynolds}{chapter.6}% 32
\BOOKMARK [1][-]{section.6.3}{6.3 Anf\374hrer}{chapter.6}% 33
\BOOKMARK [1][-]{section.6.4}{6.4 Transport von Waren mit Hilfe eines Schwarms}{chapter.6}% 34
\BOOKMARK [0][]{chapter*.128}{Abk\374rzungsverzeichnis}{}% 35
\BOOKMARK [0][]{colophon.0}{Kolophon}{}% 36
